  main.cpp
main.obj : error LNK2019: unresolved external symbol __imp_glClear referenced in function main
main.obj : error LNK2019: unresolved external symbol __imp_glClearColor referenced in function main
main.obj : error LNK2019: unresolved external symbol __imp_glDrawArrays referenced in function main
main.obj : error LNK2019: unresolved external symbol __imp_glViewport referenced in function main
main.obj : error LNK2019: unresolved external symbol __imp_glewInit referenced in function main
main.obj : error LNK2019: unresolved external symbol glfwInit referenced in function main
main.obj : error LNK2019: unresolved external symbol glfwTerminate referenced in function main
main.obj : error LNK2019: unresolved external symbol glfwWindowHint referenced in function main
main.obj : error LNK2019: unresolved external symbol glfwCreateWindow referenced in function main
main.obj : error LNK2019: unresolved external symbol glfwDestroyWindow referenced in function main
main.obj : error LNK2019: unresolved external symbol glfwWindowShouldClose referenced in function main
main.obj : error LNK2019: unresolved external symbol glfwGetFramebufferSize referenced in function main
main.obj : error LNK2019: unresolved external symbol glfwPollEvents referenced in function main
main.obj : error LNK2019: unresolved external symbol glfwMakeContextCurrent referenced in function main
main.obj : error LNK2019: unresolved external symbol glfwSwapBuffers referenced in function main
main.obj : error LNK2019: unresolved external symbol __imp___glewBindBuffer referenced in function main
main.obj : error LNK2019: unresolved external symbol __imp___glewBufferData referenced in function main
main.obj : error LNK2019: unresolved external symbol __imp___glewDeleteBuffers referenced in function main
main.obj : error LNK2019: unresolved external symbol __imp___glewGenBuffers referenced in function main
main.obj : error LNK2019: unresolved external symbol __imp___glewAttachShader referenced in function main
main.obj : error LNK2019: unresolved external symbol __imp___glewCompileShader referenced in function main
main.obj : error LNK2019: unresolved external symbol __imp___glewCreateProgram referenced in function main
main.obj : error LNK2019: unresolved external symbol __imp___glewCreateShader referenced in function main
main.obj : error LNK2019: unresolved external symbol __imp___glewDeleteProgram referenced in function main
main.obj : error LNK2019: unresolved external symbol __imp___glewDeleteShader referenced in function main
main.obj : error LNK2019: unresolved external symbol __imp___glewEnableVertexAttribArray referenced in function main
main.obj : error LNK2019: unresolved external symbol __imp___glewGetProgramInfoLog referenced in function main
main.obj : error LNK2019: unresolved external symbol __imp___glewGetProgramiv referenced in function main
main.obj : error LNK2019: unresolved external symbol __imp___glewGetShaderInfoLog referenced in function main
main.obj : error LNK2019: unresolved external symbol __imp___glewGetShaderiv referenced in function main
main.obj : error LNK2019: unresolved external symbol __imp___glewLinkProgram referenced in function main
main.obj : error LNK2019: unresolved external symbol __imp___glewShaderSource referenced in function main
main.obj : error LNK2019: unresolved external symbol __imp___glewUseProgram referenced in function main
main.obj : error LNK2019: unresolved external symbol __imp___glewVertexAttribPointer referenced in function main
main.obj : error LNK2019: unresolved external symbol __imp___glewBindVertexArray referenced in function main
main.obj : error LNK2019: unresolved external symbol __imp___glewDeleteVertexArrays referenced in function main
main.obj : error LNK2019: unresolved external symbol __imp___glewGenVertexArrays referenced in function main
main.obj : error LNK2019: unresolved external symbol __imp_glewExperimental referenced in function main
D:\Computer Graphics\Graphics-OpenGL\x64\Debug\OpenGL.exe : fatal error LNK1120: 38 unresolved externals
